


          SolidWorks Corporation - STEP Processor Error Log
          ______________________________________________________

                       STEP Post Processor
                       ___________________


STEP File Name: C:\Users\JISA-LAP\Desktop\Thesis Work\Design And Control of Ball and Plate Didactic Device\CAD\Assets\Futuba S3003 servo\1\Servo Futaba S3003.stp


Calculation of x-axis in AXIS2_PLACEMENT_3D #32446 failed by -2.8078e-009
Surfaces successfully processed into a solid body.
STEP-in completed.Unable to create solid from trimmed surfaces.
STEP-in completed.#80731: halfcone definition
#80770: halfcone definition
#80803: halfcone definition
#80842: halfcone definition
#80873: halfcone definition
Surfaces successfully processed into a solid body.
STEP-in completed.Unable to create solid from trimmed surfaces.
STEP-in completed.Surfaces successfully processed into a solid body.
STEP-in completed.Unable to create solid from trimmed surfaces.
STEP-in completed.Surfaces successfully processed into a solid body.
STEP-in completed.Unable to create solid from trimmed surfaces.
STEP-in completed.Surfaces successfully processed into a solid body.
STEP-in completed.Unable to create solid from trimmed surfaces.
STEP-in completed.Surfaces successfully processed into a solid body.
STEP-in completed.Unable to create solid from trimmed surfaces.
STEP-in completed.Surfaces successfully processed into a solid body.
STEP-in completed.Unable to create solid from trimmed surfaces.
STEP-in completed.Surfaces successfully processed into a solid body.
STEP-in completed.Unable to create solid from trimmed surfaces.
STEP-in completed.Surfaces successfully processed into a solid body.
STEP-in completed.Unable to create solid from trimmed surfaces.
STEP-in completed.Surfaces successfully processed into a solid body.
STEP-in completed.Unable to create solid from trimmed surfaces.
STEP-in completed.#77454: halfcone definition
#77493: halfcone definition
#77526: halfcone definition
#77565: halfcone definition
#77605: halfcone definition
Surfaces successfully processed into a solid body.
STEP-in completed.Unable to create solid from trimmed surfaces.
STEP-in completed.Surfaces successfully processed into a solid body.
STEP-in completed.Unable to create solid from trimmed surfaces.
STEP-in completed.Surfaces successfully processed into a solid body.
STEP-in completed.Unable to create solid from trimmed surfaces.
STEP-in completed.#55465: halfcone definition
#55465: halfcone definition
#55465: halfcone definition
#55465: halfcone definition
#55465: halfcone definition
#55465: halfcone definition
#57533: halfcone definition
#57533: halfcone definition
#57533: halfcone definition
#57533: halfcone definition
#57533: halfcone definition
#57533: halfcone definition
#57533: halfcone definition
#57533: halfcone definition
#57533: halfcone definition
#57533: halfcone definition
#58392: halfcone definition
#58392: halfcone definition
#58392: halfcone definition
#58392: halfcone definition
#58392: halfcone definition
#55465: halfcone definition
#55465: halfcone definition
#55465: halfcone definition
#55465: halfcone definition
#55465: halfcone definition
#55465: halfcone definition
#55465: halfcone definition
#55465: halfcone definition
Surfaces successfully processed into a solid body.
STEP-in completed.Unable to create solid from trimmed surfaces.
STEP-in completed.Surfaces successfully processed into a solid body.
STEP-in completed.Unable to create solid from trimmed surfaces.
STEP-in completed.Surfaces successfully processed into a solid body.
STEP-in completed.Unable to create solid from trimmed surfaces.
STEP-in completed.